2024-08-03 13:04:50 error: Cast to ObjectId failed for value "663ecface7a12be667faa99" (type string) at path "_id" for model "products"
2024-08-03 13:08:24 error: Cast to ObjectId failed for value "fdsfsdfsd" (type string) at path "_id" for model "products"
2024-08-03 13:11:48 error: [GET] /api/products/id:
2024-08-03 13:11:48 error: Cast to ObjectId failed for value "fdsfsdfsd" (type string) at path "_id" for model "products"
2024-08-03 13:12:23 error: [GET] /api/products/id:
2024-08-03 13:14:02 error: [GET] /api/products/id:
2024-08-03 13:14:02 error: Cast to ObjectId failed for value "663ecfac" (type string) at path "_id" for model "products"
2024-08-03 13:14:16 error: [GET] /api/products/id:
2024-08-03 13:14:16 error: Cast to ObjectId failed for value "663ecfac" (type string) at path "_id" for model "products"
2024-08-16 20:46:30 error: [POST] /api/user/reset-password - data and hash arguments required
2024-08-16 20:50:02 error: [POST] /api/user/reset-password - data and hash arguments required
2024-08-16 20:50:38 error: [POST] /api/user/reset-password - data and hash arguments required
2024-08-24 13:20:16 error: _id - Cast to ObjectId failed for value "dffdsfdsfds" (type string) at path "_id" for model "products"
2024-10-05 12:27:15 error:  - Cannot read properties of undefined (reading 'role')
2024-10-05 12:28:08 error:  - Cannot read properties of undefined (reading 'role')
2024-10-05 12:29:01 error:  - Cannot read properties of undefined (reading 'role')
2024-10-05 14:25:34 error:  - Cannot read properties of undefined (reading 'role')
2024-10-05 15:32:30 error:  - Failed to lookup view "products" in views directory "/src/views/"
2024-10-05 15:33:43 error:  - Failed to lookup view "products" in views directory "C:\ifts_backend_primer_parcial/views"
2024-10-05 15:34:00 error:  - Failed to lookup view "products" in views directory "C:\ifts_backend_primer_parcialviews"
2024-10-05 15:34:10 error:  - Failed to lookup view "products" in views directory "C:\ifts_backend_primer_parcialiews"
2024-10-05 15:34:19 error:  - Failed to lookup view "products" in views directory "C:\ifts_backend_primer_parcial\views"
2024-10-05 15:48:44 error:  - Parse error on line 25:
...  <td>${{this.price.toFixed(2)}}</td> 
-----------------------^
Expecting 'ID', got 'INVALID'
